{"C:\\Users\\admin\\Source\\Repos\\seratojs\\src\\Crate.ts": {"path":"C:\\Users\\admin\\Source\\Repos\\seratojs\\src\\Crate.ts","statementMap":{"0":{"start":{"line":2,"column":0},"end":{"line":2,"column":25}},"1":{"start":{"line":3,"column":0},"end":{"line":3,"column":24}},"2":{"start":{"line":4,"column":0},"end":{"line":4,"column":20}},"3":{"start":{"line":5,"column":0},"end":{"line":5,"column":24}},"4":{"start":{"line":7,"column":0},"end":{"line":7,"column":null}},"5":{"start":{"line":19,"column":4},"end":{"line":19,"column":48}},"6":{"start":{"line":22,"column":39},"end":{"line":25,"column":null}},"7":{"start":{"line":45,"column":6},"end":{"line":45,"column":41}},"8":{"start":{"line":46,"column":6},"end":{"line":46,"column":43}},"9":{"start":{"line":47,"column":6},"end":{"line":47,"column":26}},"10":{"start":{"line":49,"column":6},"end":{"line":49,"column":39}},"11":{"start":{"line":56,"column":6},"end":{"line":58,"column":7}},"12":{"start":{"line":57,"column":8},"end":{"line":57,"column":35}},"13":{"start":{"line":60,"column":6},"end":{"line":62,"column":7}},"14":{"start":{"line":61,"column":8},"end":{"line":61,"column":48}},"15":{"start":{"line":64,"column":20},"end":{"line":64,"column":37}},"16":{"start":{"line":65,"column":6},"end":{"line":72,"column":9}},"17":{"start":{"line":66,"column":8},"end":{"line":71,"column":9}},"18":{"start":{"line":67,"column":31},"end":{"line":67,"column":59}},"19":{"start":{"line":68,"column":10},"end":{"line":68,"column":57}},"20":{"start":{"line":70,"column":10},"end":{"line":70,"column":52}},"21":{"start":{"line":74,"column":6},"end":{"line":74,"column":31}},"22":{"start":{"line":79,"column":23},"end":{"line":80,"column":null}},"23":{"start":{"line":82,"column":23},"end":{"line":82,"column":75}},"24":{"start":{"line":83,"column":6},"end":{"line":83,"column":29}},"25":{"start":{"line":86,"column":23},"end":{"line":87,"column":null}},"26":{"start":{"line":89,"column":23},"end":{"line":89,"column":57}},"27":{"start":{"line":90,"column":6},"end":{"line":90,"column":29}},"28":{"start":{"line":94,"column":6},"end":{"line":96,"column":7}},"29":{"start":{"line":95,"column":8},"end":{"line":95,"column":28}},"30":{"start":{"line":98,"column":23},"end":{"line":98,"column":45}},"31":{"start":{"line":99,"column":6},"end":{"line":99,"column":36}},"32":{"start":{"line":103,"column":29},"end":{"line":103,"column":61}},"33":{"start":{"line":104,"column":23},"end":{"line":104,"column":63}},"34":{"start":{"line":105,"column":6},"end":{"line":105,"column":22}},"35":{"start":{"line":109,"column":8},"end":{"line":111,"column":null}},"36":{"start":{"line":114,"column":28},"end":{"line":114,"column":30}},"37":{"start":{"line":115,"column":6},"end":{"line":124,"column":7}},"38":{"start":{"line":116,"column":8},"end":{"line":123,"column":11}},"39":{"start":{"line":117,"column":35},"end":{"line":117,"column":57}},"40":{"start":{"line":118,"column":39},"end":{"line":118,"column":72}},"41":{"start":{"line":119,"column":23},"end":{"line":119,"column":59}},"42":{"start":{"line":120,"column":25},"end":{"line":120,"column":49}},"43":{"start":{"line":121,"column":25},"end":{"line":121,"column":53}},"44":{"start":{"line":122,"column":10},"end":{"line":122,"column":74}},"45":{"start":{"line":126,"column":23},"end":{"line":126,"column":47}},"46":{"start":{"line":127,"column":6},"end":{"line":127,"column":44}},"47":{"start":{"line":131,"column":6},"end":{"line":138,"column":7}},"48":{"start":{"line":132,"column":25},"end":{"line":132,"column":63}},"49":{"start":{"line":133,"column":23},"end":{"line":133,"column":46}},"50":{"start":{"line":135,"column":8},"end":{"line":137,"column":11}},"51":{"start":{"line":141,"column":6},"end":{"line":147,"column":7}},"52":{"start":{"line":142,"column":25},"end":{"line":142,"column":63}},"53":{"start":{"line":143,"column":23},"end":{"line":143,"column":46}},"54":{"start":{"line":146,"column":8},"end":{"line":146,"column":63}},"55":{"start":{"line":151,"column":2},"end":{"line":151,"column":23}}},"fnMap":{"0":{"name":"getSubcratesFolder","decl":{"start":{"line":18,"column":9},"end":{"line":18,"column":27}},"loc":{"start":{"line":18,"column":50},"end":{"line":20,"column":3}}},"1":{"name":"(anonymous_15)","decl":{"start":{"line":43,"column":4},"end":{"line":43,"column":16}},"loc":{"start":{"line":43,"column":54},"end":{"line":50,"column":5}}},"2":{"name":"(anonymous_16)","decl":{"start":{"line":55,"column":4},"end":{"line":55,"column":20}},"loc":{"start":{"line":55,"column":20},"end":{"line":75,"column":5}}},"3":{"name":"(anonymous_17)","decl":{"start":{"line":65,"column":29},"end":{"line":65,"column":30}},"loc":{"start":{"line":65,"column":42},"end":{"line":72,"column":7}}},"4":{"name":"(anonymous_18)","decl":{"start":{"line":78,"column":10},"end":{"line":78,"column":22}},"loc":{"start":{"line":78,"column":22},"end":{"line":84,"column":null}}},"5":{"name":"(anonymous_20)","decl":{"start":{"line":85,"column":4},"end":{"line":85,"column":20}},"loc":{"start":{"line":85,"column":20},"end":{"line":91,"column":5}}},"6":{"name":"(anonymous_21)","decl":{"start":{"line":93,"column":4},"end":{"line":93,"column":11}},"loc":{"start":{"line":93,"column":27},"end":{"line":100,"column":5}}},"7":{"name":"(anonymous_22)","decl":{"start":{"line":102,"column":4},"end":{"line":102,"column":23}},"loc":{"start":{"line":102,"column":43},"end":{"line":106,"column":5}}},"8":{"name":"(anonymous_23)","decl":{"start":{"line":107,"column":4},"end":{"line":107,"column":20}},"loc":{"start":{"line":107,"column":20},"end":{"line":128,"column":5}}},"9":{"name":"(anonymous_24)","decl":{"start":{"line":116,"column":31},"end":{"line":116,"column":32}},"loc":{"start":{"line":116,"column":44},"end":{"line":123,"column":9}}},"10":{"name":"(anonymous_25)","decl":{"start":{"line":130,"column":10},"end":{"line":130,"column":14}},"loc":{"start":{"line":130,"column":14},"end":{"line":139,"column":null}}},"11":{"name":"(anonymous_27)","decl":{"start":{"line":140,"column":4},"end":{"line":140,"column":12}},"loc":{"start":{"line":140,"column":12},"end":{"line":148,"column":5}}}},"branchMap":{"0":{"loc":{"start":{"line":18,"column":28},"end":{"line":18,"column":50}},"type":"default-arg","locations":[{"start":{"line":18,"column":48},"end":{"line":18,"column":50}}]},"1":{"loc":{"start":{"line":56,"column":6},"end":{"line":58,"column":7}},"type":"if","locations":[{"start":{"line":56,"column":6},"end":{"line":58,"column":7}}]},"2":{"loc":{"start":{"line":60,"column":6},"end":{"line":62,"column":7}},"type":"if","locations":[{"start":{"line":60,"column":6},"end":{"line":62,"column":7}}]},"3":{"loc":{"start":{"line":66,"column":8},"end":{"line":71,"column":9}},"type":"if","locations":[{"start":{"line":66,"column":8},"end":{"line":71,"column":9}},{"start":{"line":69,"column":15},"end":{"line":71,"column":9}}]},"4":{"loc":{"start":{"line":80,"column":8},"end":{"line":80,"column":59}},"type":"binary-expr","locations":[{"start":{"line":80,"column":8},"end":{"line":80,"column":25}},{"start":{"line":80,"column":29},"end":{"line":80,"column":59}}]},"5":{"loc":{"start":{"line":87,"column":8},"end":{"line":87,"column":59}},"type":"binary-expr","locations":[{"start":{"line":87,"column":8},"end":{"line":87,"column":25}},{"start":{"line":87,"column":29},"end":{"line":87,"column":59}}]},"6":{"loc":{"start":{"line":94,"column":6},"end":{"line":96,"column":7}},"type":"if","locations":[{"start":{"line":94,"column":6},"end":{"line":96,"column":7}}]},"7":{"loc":{"start":{"line":115,"column":6},"end":{"line":124,"column":7}},"type":"if","locations":[{"start":{"line":115,"column":6},"end":{"line":124,"column":7}}]}},"s":{"0":1,"1":1,"2":1,"3":1,"4":1,"5":8,"6":1,"7":16,"8":16,"9":16,"10":16,"11":8,"12":4,"13":4,"14":1,"15":3,"16":3,"17":6,"18":3,"19":3,"20":3,"21":3,"22":2,"23":2,"24":2,"25":3,"26":3,"27":3,"28":11,"29":0,"30":11,"31":11,"32":8,"33":8,"34":8,"35":3,"36":3,"37":3,"38":3,"39":3,"40":3,"41":3,"42":3,"43":3,"44":3,"45":3,"46":3,"47":2,"48":2,"49":2,"50":2,"51":1,"52":1,"53":1,"54":1,"55":1},"f":{"0":8,"1":16,"2":8,"3":6,"4":2,"5":3,"6":11,"7":8,"8":3,"9":3,"10":2,"11":1},"b":{"0":[0],"1":[4],"2":[1],"3":[3,3],"4":[2,0],"5":[3,0],"6":[0],"7":[3]}}
,"C:\\Users\\admin\\Source\\Repos\\seratojs\\src\\index.ts": {"path":"C:\\Users\\admin\\Source\\Repos\\seratojs\\src\\index.ts","statementMap":{"0":{"start":{"line":1,"column":0},"end":{"line":1,"column":25}},"1":{"start":{"line":2,"column":0},"end":{"line":2,"column":24}},"2":{"start":{"line":3,"column":0},"end":{"line":3,"column":20}},"3":{"start":{"line":4,"column":0},"end":{"line":4,"column":24}},"4":{"start":{"line":5,"column":0},"end":{"line":5,"column":7}},"5":{"start":{"line":50,"column":2},"end":{"line":5,"column":28}},"6":{"start":{"line":8,"column":39},"end":{"line":11,"column":null}},"7":{"start":{"line":15,"column":2},"end":{"line":15,"column":46}},"8":{"start":{"line":23,"column":28},"end":{"line":23,"column":30}},"9":{"start":{"line":24,"column":2},"end":{"line":31,"column":5}},"10":{"start":{"line":25,"column":28},"end":{"line":25,"column":60}},"11":{"start":{"line":26,"column":19},"end":{"line":29,"column":6}},"12":{"start":{"line":27,"column":19},"end":{"line":27,"column":45}},"13":{"start":{"line":28,"column":6},"end":{"line":28,"column":43}},"14":{"start":{"line":30,"column":4},"end":{"line":30,"column":30}},"15":{"start":{"line":32,"column":2},"end":{"line":32,"column":19}},"16":{"start":{"line":52,"column":2},"end":{"line":52,"column":16}},"17":{"start":{"line":35,"column":26},"end":{"line":47,"column":null}},"18":{"start":{"line":36,"column":28},"end":{"line":36,"column":30}},"19":{"start":{"line":37,"column":2},"end":{"line":45,"column":3}},"20":{"start":{"line":38,"column":28},"end":{"line":38,"column":60}},"21":{"start":{"line":39,"column":18},"end":{"line":39,"column":67}},"22":{"start":{"line":40,"column":19},"end":{"line":43,"column":6}},"23":{"start":{"line":41,"column":19},"end":{"line":41,"column":45}},"24":{"start":{"line":42,"column":6},"end":{"line":42,"column":43}},"25":{"start":{"line":44,"column":4},"end":{"line":44,"column":30}},"26":{"start":{"line":46,"column":2},"end":{"line":46,"column":19}},"27":{"start":{"line":51,"column":2},"end":{"line":51,"column":12}}},"fnMap":{"0":{"name":"getSubcratesFolder","decl":{"start":{"line":14,"column":9},"end":{"line":14,"column":27}},"loc":{"start":{"line":14,"column":50},"end":{"line":16,"column":1}}},"1":{"name":"listCratesSync","decl":{"start":{"line":22,"column":9},"end":{"line":22,"column":23}},"loc":{"start":{"line":22,"column":72},"end":{"line":33,"column":1}}},"2":{"name":"(anonymous_16)","decl":{"start":{"line":24,"column":24},"end":{"line":24,"column":25}},"loc":{"start":{"line":24,"column":41},"end":{"line":31,"column":3}}},"3":{"name":"(anonymous_17)","decl":{"start":{"line":26,"column":55},"end":{"line":26,"column":56}},"loc":{"start":{"line":26,"column":61},"end":{"line":29,"column":5}}},"4":{"name":"listCrates","decl":{"start":{"line":35,"column":15},"end":{"line":35,"column":25}},"loc":{"start":{"line":35,"column":25},"end":{"line":47,"column":null}}},"5":{"name":"(anonymous_19)","decl":{"start":{"line":35,"column":26},"end":{"line":35,"column":39}},"loc":{"start":{"line":35,"column":74},"end":{"line":47,"column":1}}},"6":{"name":"(anonymous_20)","decl":{"start":{"line":40,"column":29},"end":{"line":40,"column":30}},"loc":{"start":{"line":40,"column":35},"end":{"line":43,"column":5}}}},"branchMap":{"0":{"loc":{"start":{"line":14,"column":28},"end":{"line":14,"column":50}},"type":"default-arg","locations":[{"start":{"line":14,"column":48},"end":{"line":14,"column":50}}]},"1":{"loc":{"start":{"line":22,"column":24},"end":{"line":22,"column":72}},"type":"default-arg","locations":[{"start":{"line":22,"column":40},"end":{"line":22,"column":72}}]},"2":{"loc":{"start":{"line":35,"column":26},"end":{"line":35,"column":74}},"type":"default-arg","locations":[{"start":{"line":35,"column":42},"end":{"line":35,"column":74}}]}},"s":{"0":1,"1":1,"2":1,"3":1,"4":1,"5":1,"6":1,"7":6,"8":3,"9":3,"10":3,"11":3,"12":4,"13":4,"14":3,"15":3,"16":1,"17":3,"18":3,"19":3,"20":3,"21":3,"22":3,"23":4,"24":4,"25":3,"26":3,"27":1},"f":{"0":6,"1":3,"2":3,"3":4,"4":3,"5":3,"6":4},"b":{"0":[0],"1":[0],"2":[0]}}
,"C:\\Users\\admin\\Source\\Repos\\seratojs\\src\\util.ts": {"path":"C:\\Users\\admin\\Source\\Repos\\seratojs\\src\\util.ts","statementMap":{"0":{"start":{"line":1,"column":13},"end":{"line":1,"column":28}},"1":{"start":{"line":3,"column":33},"end":{"line":3,"column":51}},"2":{"start":{"line":5,"column":14},"end":{"line":26,"column":1}},"3":{"start":{"line":7,"column":24},"end":{"line":7,"column":26}},"4":{"start":{"line":8,"column":2},"end":{"line":12,"column":3}},"5":{"start":{"line":8,"column":15},"end":{"line":8,"column":16}},"6":{"start":{"line":9,"column":4},"end":{"line":11,"column":5}},"7":{"start":{"line":10,"column":6},"end":{"line":10,"column":22}},"8":{"start":{"line":15,"column":22},"end":{"line":15,"column":24}},"9":{"start":{"line":16,"column":2},"end":{"line":24,"column":5}},"10":{"start":{"line":17,"column":18},"end":{"line":17,"column":27}},"11":{"start":{"line":18,"column":19},"end":{"line":18,"column":47}},"12":{"start":{"line":19,"column":16},"end":{"line":19,"column":65}},"13":{"start":{"line":21,"column":19},"end":{"line":21,"column":45}},"14":{"start":{"line":22,"column":4},"end":{"line":22,"column":43}},"15":{"start":{"line":23,"column":4},"end":{"line":23,"column":44}},"16":{"start":{"line":25,"column":2},"end":{"line":25,"column":15}},"17":{"start":{"line":96,"column":2},"end":{"line":96,"column":7}},"18":{"start":{"line":28,"column":23},"end":{"line":30,"column":1}},"19":{"start":{"line":29,"column":2},"end":{"line":29,"column":43}},"20":{"start":{"line":98,"column":2},"end":{"line":98,"column":16}},"21":{"start":{"line":32,"column":20},"end":{"line":40,"column":1}},"22":{"start":{"line":33,"column":14},"end":{"line":33,"column":50}},"23":{"start":{"line":34,"column":12},"end":{"line":34,"column":14}},"24":{"start":{"line":35,"column":2},"end":{"line":38,"column":3}},"25":{"start":{"line":36,"column":18},"end":{"line":36,"column":41}},"26":{"start":{"line":37,"column":4},"end":{"line":37,"column":55}},"27":{"start":{"line":39,"column":2},"end":{"line":39,"column":13}},"28":{"start":{"line":99,"column":2},"end":{"line":99,"column":13}},"29":{"start":{"line":42,"column":25},"end":{"line":44,"column":1}},"30":{"start":{"line":43,"column":2},"end":{"line":43,"column":57}},"31":{"start":{"line":100,"column":2},"end":{"line":100,"column":18}},"32":{"start":{"line":48,"column":19},"end":{"line":48,"column":52}},"33":{"start":{"line":49,"column":2},"end":{"line":58,"column":3}},"34":{"start":{"line":50,"column":4},"end":{"line":50,"column":41}},"35":{"start":{"line":52,"column":4},"end":{"line":57,"column":5}},"36":{"start":{"line":53,"column":28},"end":{"line":53,"column":74}},"37":{"start":{"line":54,"column":6},"end":{"line":54,"column":62}},"38":{"start":{"line":56,"column":6},"end":{"line":56,"column":30}},"39":{"start":{"line":97,"column":2},"end":{"line":97,"column":17}},"40":{"start":{"line":70,"column":19},"end":{"line":70,"column":52}},"41":{"start":{"line":71,"column":2},"end":{"line":75,"column":3}},"42":{"start":{"line":72,"column":4},"end":{"line":72,"column":45}},"43":{"start":{"line":74,"column":4},"end":{"line":74,"column":61}},"44":{"start":{"line":101,"column":2},"end":{"line":101,"column":20}},"45":{"start":{"line":79,"column":19},"end":{"line":79,"column":52}},"46":{"start":{"line":80,"column":2},"end":{"line":83,"column":4}},"47":{"start":{"line":102,"column":2},"end":{"line":102,"column":21}},"48":{"start":{"line":87,"column":33},"end":{"line":89,"column":1}},"49":{"start":{"line":88,"column":2},"end":{"line":88,"column":46}},"50":{"start":{"line":87,"column":14},"end":{"line":87,"column":33}},"51":{"start":{"line":90,"column":33},"end":{"line":94,"column":1}},"52":{"start":{"line":91,"column":25},"end":{"line":91,"column":57}},"53":{"start":{"line":92,"column":19},"end":{"line":92,"column":54}},"54":{"start":{"line":93,"column":2},"end":{"line":93,"column":18}},"55":{"start":{"line":90,"column":13},"end":{"line":90,"column":33}}},"fnMap":{"0":{"name":"(anonymous_0)","decl":{"start":{"line":5,"column":14},"end":{"line":5,"column":24}},"loc":{"start":{"line":5,"column":36},"end":{"line":26,"column":1}}},"1":{"name":"(anonymous_1)","decl":{"start":{"line":16,"column":18},"end":{"line":16,"column":19}},"loc":{"start":{"line":16,"column":35},"end":{"line":24,"column":3}}},"2":{"name":"(anonymous_2)","decl":{"start":{"line":28,"column":23},"end":{"line":28,"column":33}},"loc":{"start":{"line":28,"column":45},"end":{"line":30,"column":1}}},"3":{"name":"(anonymous_3)","decl":{"start":{"line":32,"column":20},"end":{"line":32,"column":30}},"loc":{"start":{"line":32,"column":43},"end":{"line":40,"column":1}}},"4":{"name":"(anonymous_4)","decl":{"start":{"line":42,"column":25},"end":{"line":42,"column":35}},"loc":{"start":{"line":42,"column":50},"end":{"line":44,"column":1}}},"5":{"name":"removeDriveRoot","decl":{"start":{"line":47,"column":9},"end":{"line":47,"column":24}},"loc":{"start":{"line":47,"column":85},"end":{"line":59,"column":1}}},"6":{"name":"selectExternalRoot","decl":{"start":{"line":69,"column":9},"end":{"line":69,"column":27}},"loc":{"start":{"line":69,"column":94},"end":{"line":76,"column":1}}},"7":{"name":"isFromExternalDrive","decl":{"start":{"line":78,"column":9},"end":{"line":78,"column":28}},"loc":{"start":{"line":78,"column":81},"end":{"line":84,"column":1}}},"8":{"name":"(anonymous_8)","decl":{"start":{"line":87,"column":33},"end":{"line":87,"column":34}},"loc":{"start":{"line":87,"column":67},"end":{"line":89,"column":1}}},"9":{"name":"(anonymous_9)","decl":{"start":{"line":90,"column":33},"end":{"line":90,"column":34}},"loc":{"start":{"line":90,"column":80},"end":{"line":94,"column":1}}}},"branchMap":{"0":{"loc":{"start":{"line":9,"column":4},"end":{"line":11,"column":5}},"type":"if","locations":[{"start":{"line":9,"column":4},"end":{"line":11,"column":5}}]},"1":{"loc":{"start":{"line":19,"column":16},"end":{"line":19,"column":65}},"type":"cond-expr","locations":[{"start":{"line":19,"column":25},"end":{"line":19,"column":40}},{"start":{"line":19,"column":43},"end":{"line":19,"column":65}}]},"2":{"loc":{"start":{"line":48,"column":19},"end":{"line":48,"column":52}},"type":"binary-expr","locations":[{"start":{"line":48,"column":19},"end":{"line":48,"column":32}},{"start":{"line":48,"column":36},"end":{"line":48,"column":52}}]},"3":{"loc":{"start":{"line":49,"column":2},"end":{"line":58,"column":3}},"type":"if","locations":[{"start":{"line":49,"column":2},"end":{"line":58,"column":3}},{"start":{"line":51,"column":9},"end":{"line":58,"column":3}}]},"4":{"loc":{"start":{"line":52,"column":4},"end":{"line":57,"column":5}},"type":"if","locations":[{"start":{"line":52,"column":4},"end":{"line":57,"column":5}},{"start":{"line":55,"column":11},"end":{"line":57,"column":5}}]},"5":{"loc":{"start":{"line":69,"column":53},"end":{"line":69,"column":94}},"type":"default-arg","locations":[{"start":{"line":69,"column":90},"end":{"line":69,"column":94}}]},"6":{"loc":{"start":{"line":70,"column":19},"end":{"line":70,"column":52}},"type":"binary-expr","locations":[{"start":{"line":70,"column":19},"end":{"line":70,"column":32}},{"start":{"line":70,"column":36},"end":{"line":70,"column":52}}]},"7":{"loc":{"start":{"line":71,"column":2},"end":{"line":75,"column":3}},"type":"if","locations":[{"start":{"line":71,"column":2},"end":{"line":75,"column":3}},{"start":{"line":73,"column":9},"end":{"line":75,"column":3}}]},"8":{"loc":{"start":{"line":79,"column":19},"end":{"line":79,"column":52}},"type":"binary-expr","locations":[{"start":{"line":79,"column":19},"end":{"line":79,"column":32}},{"start":{"line":79,"column":36},"end":{"line":79,"column":52}}]},"9":{"loc":{"start":{"line":81,"column":4},"end":{"line":82,"column":62}},"type":"binary-expr","locations":[{"start":{"line":81,"column":5},"end":{"line":81,"column":25}},{"start":{"line":81,"column":29},"end":{"line":81,"column":57}},{"start":{"line":82,"column":5},"end":{"line":82,"column":26}},{"start":{"line":82,"column":30},"end":{"line":82,"column":61}}]},"10":{"loc":{"start":{"line":87,"column":34},"end":{"line":87,"column":56}},"type":"default-arg","locations":[{"start":{"line":87,"column":54},"end":{"line":87,"column":56}}]}},"s":{"0":2,"1":2,"2":2,"3":6,"4":6,"5":6,"6":3829569,"7":21,"8":6,"9":6,"10":21,"11":21,"12":21,"13":21,"14":21,"15":21,"16":6,"17":2,"18":2,"19":3,"20":2,"21":2,"22":6,"23":6,"24":6,"25":24,"26":24,"27":6,"28":2,"29":2,"30":28,"31":2,"32":7,"33":7,"34":5,"35":2,"36":1,"37":1,"38":1,"39":2,"40":4,"41":4,"42":3,"43":1,"44":2,"45":12,"46":12,"47":2,"48":2,"49":0,"50":2,"51":2,"52":0,"53":0,"54":0,"55":2},"f":{"0":6,"1":21,"2":3,"3":6,"4":28,"5":7,"6":4,"7":12,"8":0,"9":0},"b":{"0":[21],"1":[5,16],"2":[7,3],"3":[5,2],"4":[1,1],"5":[3],"6":[4,3],"7":[3,1],"8":[12,6],"9":[12,8,8,4],"10":[0]}}
,"C:\\Users\\admin\\Source\\Repos\\seratojs\\src\\tests\\utils.ts": {"path":"C:\\Users\\admin\\Source\\Repos\\seratojs\\src\\tests\\utils.ts","statementMap":{"0":{"start":{"line":2,"column":0},"end":{"line":2,"column":24}},"1":{"start":{"line":5,"column":2},"end":{"line":11,"column":3}},"2":{"start":{"line":6,"column":4},"end":{"line":6,"column":43}},"3":{"start":{"line":7,"column":9},"end":{"line":11,"column":3}},"4":{"start":{"line":8,"column":4},"end":{"line":8,"column":71}},"5":{"start":{"line":10,"column":4},"end":{"line":10,"column":39}},"6":{"start":{"line":25,"column":2},"end":{"line":25,"column":14}},"7":{"start":{"line":15,"column":2},"end":{"line":21,"column":3}},"8":{"start":{"line":16,"column":4},"end":{"line":16,"column":43}},"9":{"start":{"line":17,"column":9},"end":{"line":21,"column":3}},"10":{"start":{"line":18,"column":4},"end":{"line":18,"column":40}},"11":{"start":{"line":20,"column":4},"end":{"line":20,"column":39}},"12":{"start":{"line":26,"column":2},"end":{"line":26,"column":11}}},"fnMap":{"0":{"name":"externalPath","decl":{"start":{"line":4,"column":9},"end":{"line":4,"column":21}},"loc":{"start":{"line":4,"column":38},"end":{"line":12,"column":1}}},"1":{"name":"localPath","decl":{"start":{"line":14,"column":9},"end":{"line":14,"column":18}},"loc":{"start":{"line":14,"column":35},"end":{"line":22,"column":1}}}},"branchMap":{"0":{"loc":{"start":{"line":5,"column":2},"end":{"line":11,"column":3}},"type":"if","locations":[{"start":{"line":5,"column":2},"end":{"line":11,"column":3}},{"start":{"line":7,"column":9},"end":{"line":11,"column":3}}]},"1":{"loc":{"start":{"line":7,"column":9},"end":{"line":11,"column":3}},"type":"if","locations":[{"start":{"line":7,"column":9},"end":{"line":11,"column":3}},{"start":{"line":9,"column":9},"end":{"line":11,"column":3}}]},"2":{"loc":{"start":{"line":15,"column":2},"end":{"line":21,"column":3}},"type":"if","locations":[{"start":{"line":15,"column":2},"end":{"line":21,"column":3}},{"start":{"line":17,"column":9},"end":{"line":21,"column":3}}]},"3":{"loc":{"start":{"line":17,"column":9},"end":{"line":21,"column":3}},"type":"if","locations":[{"start":{"line":17,"column":9},"end":{"line":21,"column":3}},{"start":{"line":19,"column":9},"end":{"line":21,"column":3}}]}},"s":{"0":1,"1":5,"2":5,"3":0,"4":0,"5":0,"6":1,"7":4,"8":4,"9":0,"10":0,"11":0,"12":1},"f":{"0":5,"1":4},"b":{"0":[5,0],"1":[0,0],"2":[4,0],"3":[0,0]}}
}
