TN:
SF:src\Crate.ts
FN:18,getSubcratesFolder
FN:43,(anonymous_15)
FN:55,(anonymous_16)
FN:65,(anonymous_17)
FN:78,(anonymous_18)
FN:85,(anonymous_20)
FN:93,(anonymous_21)
FN:102,(anonymous_22)
FN:107,(anonymous_23)
FN:116,(anonymous_24)
FN:130,(anonymous_25)
FN:140,(anonymous_27)
FNF:12
FNH:12
FNDA:8,getSubcratesFolder
FNDA:16,(anonymous_15)
FNDA:8,(anonymous_16)
FNDA:6,(anonymous_17)
FNDA:2,(anonymous_18)
FNDA:3,(anonymous_20)
FNDA:11,(anonymous_21)
FNDA:8,(anonymous_22)
FNDA:3,(anonymous_23)
FNDA:3,(anonymous_24)
FNDA:2,(anonymous_25)
FNDA:1,(anonymous_27)
DA:2,1
DA:3,1
DA:4,1
DA:5,1
DA:7,1
DA:19,8
DA:22,1
DA:45,16
DA:46,16
DA:47,16
DA:49,16
DA:56,8
DA:57,4
DA:60,4
DA:61,1
DA:64,3
DA:65,3
DA:66,6
DA:67,3
DA:68,3
DA:70,3
DA:74,3
DA:79,2
DA:82,2
DA:83,2
DA:86,3
DA:89,3
DA:90,3
DA:94,11
DA:95,0
DA:98,11
DA:99,11
DA:103,8
DA:104,8
DA:105,8
DA:109,3
DA:114,3
DA:115,3
DA:116,3
DA:117,3
DA:118,3
DA:119,3
DA:120,3
DA:121,3
DA:122,3
DA:126,3
DA:127,3
DA:131,2
DA:132,2
DA:133,2
DA:135,2
DA:141,1
DA:142,1
DA:143,1
DA:146,1
DA:151,1
LF:56
LH:55
BRDA:18,0,0,0
BRDA:56,1,0,4
BRDA:60,2,0,1
BRDA:66,3,0,3
BRDA:66,3,1,3
BRDA:80,4,0,2
BRDA:80,4,1,0
BRDA:87,5,0,3
BRDA:87,5,1,0
BRDA:94,6,0,0
BRDA:115,7,0,3
BRF:11
BRH:7
end_of_record
TN:
SF:src\index.ts
FN:14,getSubcratesFolder
FN:22,listCratesSync
FN:24,(anonymous_16)
FN:26,(anonymous_17)
FN:35,listCrates
FN:35,(anonymous_19)
FN:40,(anonymous_20)
FNF:7
FNH:7
FNDA:6,getSubcratesFolder
FNDA:3,listCratesSync
FNDA:3,(anonymous_16)
FNDA:4,(anonymous_17)
FNDA:3,listCrates
FNDA:3,(anonymous_19)
FNDA:4,(anonymous_20)
DA:1,1
DA:2,1
DA:3,1
DA:4,1
DA:5,1
DA:8,1
DA:15,6
DA:23,3
DA:24,3
DA:25,3
DA:26,3
DA:27,4
DA:28,4
DA:30,3
DA:32,3
DA:35,3
DA:36,3
DA:37,3
DA:38,3
DA:39,3
DA:40,3
DA:41,4
DA:42,4
DA:44,3
DA:46,3
DA:50,1
DA:51,1
DA:52,1
LF:28
LH:28
BRDA:14,0,0,0
BRDA:22,1,0,0
BRDA:35,2,0,0
BRF:3
BRH:0
end_of_record
TN:
SF:src\util.ts
FN:5,(anonymous_0)
FN:16,(anonymous_1)
FN:28,(anonymous_2)
FN:32,(anonymous_3)
FN:42,(anonymous_4)
FN:47,removeDriveRoot
FN:69,selectExternalRoot
FN:78,isFromExternalDrive
FN:87,(anonymous_8)
FN:90,(anonymous_9)
FNF:10
FNH:8
FNDA:6,(anonymous_0)
FNDA:21,(anonymous_1)
FNDA:3,(anonymous_2)
FNDA:6,(anonymous_3)
FNDA:28,(anonymous_4)
FNDA:7,removeDriveRoot
FNDA:4,selectExternalRoot
FNDA:12,isFromExternalDrive
FNDA:0,(anonymous_8)
FNDA:0,(anonymous_9)
DA:1,2
DA:3,2
DA:5,2
DA:7,6
DA:8,6
DA:9,3829569
DA:10,21
DA:15,6
DA:16,6
DA:17,21
DA:18,21
DA:19,21
DA:21,21
DA:22,21
DA:23,21
DA:25,6
DA:28,2
DA:29,3
DA:32,2
DA:33,6
DA:34,6
DA:35,6
DA:36,24
DA:37,24
DA:39,6
DA:42,2
DA:43,28
DA:48,7
DA:49,7
DA:50,5
DA:52,2
DA:53,1
DA:54,1
DA:56,1
DA:70,4
DA:71,4
DA:72,3
DA:74,1
DA:79,12
DA:80,12
DA:87,2
DA:88,0
DA:90,2
DA:91,0
DA:92,0
DA:93,0
DA:96,2
DA:97,2
DA:98,2
DA:99,2
DA:100,2
DA:101,2
DA:102,2
LF:53
LH:49
BRDA:9,0,0,21
BRDA:19,1,0,5
BRDA:19,1,1,16
BRDA:48,2,0,7
BRDA:48,2,1,3
BRDA:49,3,0,5
BRDA:49,3,1,2
BRDA:52,4,0,1
BRDA:52,4,1,1
BRDA:69,5,0,3
BRDA:70,6,0,4
BRDA:70,6,1,3
BRDA:71,7,0,3
BRDA:71,7,1,1
BRDA:79,8,0,12
BRDA:79,8,1,6
BRDA:81,9,0,12
BRDA:81,9,1,8
BRDA:81,9,2,8
BRDA:81,9,3,4
BRDA:87,10,0,0
BRF:21
BRH:20
end_of_record
TN:
SF:src\tests\utils.ts
FN:4,externalPath
FN:14,localPath
FNF:2
FNH:2
FNDA:5,externalPath
FNDA:4,localPath
DA:2,1
DA:5,5
DA:6,5
DA:7,0
DA:8,0
DA:10,0
DA:15,4
DA:16,4
DA:17,0
DA:18,0
DA:20,0
DA:25,1
DA:26,1
LF:13
LH:7
BRDA:5,0,0,5
BRDA:5,0,1,0
BRDA:7,1,0,0
BRDA:7,1,1,0
BRDA:15,2,0,4
BRDA:15,2,1,0
BRDA:17,3,0,0
BRDA:17,3,1,0
BRF:8
BRH:2
end_of_record
